<?xml version="1.0" encoding="UTF-8"?>
<!-- Generated by org.testng.reporters.JUnitReportReporter -->
<testsuite hostname="DESKTOP-2OAS4BI" failures="0" tests="1" name="tests.OpenSiteTest" time="0.496" errors="0" timestamp="2025-08-31T22:03:33 BRT" skipped="0">
  <testcase classname="tests.OpenSiteTest" name="testPageTitle" time="0.496"/>
</testsuite> <!-- tests.OpenSiteTest -->
