<?xml version="1.0" encoding="UTF-8"?>
<!-- Generated by org.testng.reporters.JUnitReportReporter -->
<testsuite hostname="DESKTOP-2OAS4BI" failures="0" tests="1" name="testes.OpenSiteTest" time="3.478" errors="0" timestamp="2025-08-31T22:08:54 BRT" skipped="0">
  <testcase classname="testes.OpenSiteTest" name="testPageTitle" time="3.478"/>
</testsuite> <!-- testes.OpenSiteTest -->
